Convert:	Verbose  : 7/27/2015 10:18:31 PM
ConvertFile:	Information  : Converting "C:\Users\alex\Desktop\Rootkits-Playground\sources\NOFU\SOURCES"
Parse      :	Verbose  : File contents after preprocessing:
                        	TARGETNAME=NOFU
                        	TARGETTYPE=DRIVER
                        	SOURCES=main.c
                        	INCLUDES=.\inc
ParseIfApplies:	Verbose  : "TARGETNAME=NOFU" was parsed as a"MacroDefinition"
ParseIfApplies:	Verbose  : "TARGETTYPE=DRIVER" was parsed as a"MacroDefinition"
ParseIfApplies:	Verbose  : "SOURCES=main.c" was parsed as a"MacroDefinition"
ParseIfApplies:	Verbose  : "INCLUDES=.\inc" was parsed as a"MacroDefinition"
GenerateMsBuildFile:	Information  : Generated file "C:\Users\alex\Desktop\Rootkits-Playground\sources\NOFU\SOURCES.props"
IsPropertyElementSetConditionally:	Verbose  : Property DriverType is set conditionally. Immediate condition ="'$(PlatformToolset)'=='WindowsApplicationForDrivers8.1'". Conditional parent element = Microsoft.Build.Construction.ProjectPropertyGroupElement
PostProcessing                   :	Verbose  : Extracted property "PlatformToolset" with a value of "WindowsKernelModeDriver8.1" from sources.
PostProcessing                   :	Verbose  : Extracted property "ConfigurationType" with a value of "Driver" from sources.
PostProcessing                   :	Verbose  : Extracted property "DriverType" with a value of "WDM" from sources.
PostProcessing                   :	Verbose  : Extracted property "TARGETNAME" with a value of "NOFU" from sources.
PostProcessing                   :	Verbose  : VcxProj file copied to "NOFU.vcxproj"
PostProcessing                   :	Verbose  : Added Project GUID: {9206015A-8FAE-4592-81B6-1596EC8B5121}
PostProcessing                   :	Information  : Generated Project File NOFU.vcxproj
AddIDESupport                    :	Verbose  : Attempting to add propery page support for converted targets and macros in project C:\Users\alex\Desktop\Rootkits-Playground\sources\NOFU\NOFU.vcxproj
CheckForWellKnownTargets         :	Verbose  : Attempting to find and convert nmake targets to well-known MSBuild items, as appropriate.
CheckForWellKnownTargetMacros:	Verbose  : Attempting to find and convert nmake target macros to well-known MSBuild items, as appropriate.
AddIDESupport                :	Verbose  : Finished adding propery page support for converted targets and macros, changes saved to C:\Users\alex\Desktop\Rootkits-Playground\sources\NOFU\NOFU.vcxproj
AddOverrideConditionsToProperies:	Verbose  : Appended override conditions to properties in file 'C:\Users\alex\Desktop\Rootkits-Playground\sources\NOFU\SOURCES.props' and its imports
GetDependencyInformation        :	Information  : Checking for external project dependencies
GetDependencyInformation        :	Verbose  : Processing the following list of primary projects
                                             	C:\Users\alex\Desktop\Rootkits-Playground\sources\NOFU\NOFU.vcxproj
AddPrerequisitesToSolution      :	Verbose  : Finding prerequisites for C:\Users\alex\Desktop\Rootkits-Playground\sources\NOFU\NOFU.vcxproj
GetPrerequisiteProjects         :	Verbose  : Scanning for prerequisites for project C:\Users\alex\Desktop\Rootkits-Playground\sources\NOFU\NOFU.vcxproj
EvaluateProject                 :	Verbose  : $(O) set to c3d26931-39a5-453d-8fa2-c6a76a7dfcd6
ExtractIncludesFromItem         :	Verbose  : Extracting include elements from all items of type ClCompile
ExtractIncludesFromItem         :	Verbose  : Extracting include elements from all items of type MessageCompile
ExtractIncludesFromItem         :	Verbose  : Didn't find any items of type MessageCompile in project C:\Users\alex\Desktop\Rootkits-Playground\sources\NOFU\NOFU.vcxproj
ExtractIncludesFromItem         :	Verbose  : Extracting include elements from all items of type Midl
ExtractIncludesFromItem   :	Verbose  : Didn't find any items of type Midl in project C:\Users\alex\Desktop\Rootkits-Playground\sources\NOFU\NOFU.vcxproj
ExtractIncludesFromItem   :	Verbose  : Extracting include elements from all items of type ResourceCompile
ExtractIncludesFromItem   :	Verbose  : Didn't find any items of type ResourceCompile in project C:\Users\alex\Desktop\Rootkits-Playground\sources\NOFU\NOFU.vcxproj
ExtractIncludesFromItemMetadata:	Verbose  : Extracting include elements from metadata AdditionalDependencies on item type Link, using splitter ;
ExtractIncludesFromItemMetadata:	Verbose  : Extracting include elements from metadata AdditionalIncludeDirectories on item type ClCompile, using splitter ;
FindPreReqProjectsInReferences :	Verbose  : Ignoring following path since it references the project's own $(O) C:\Users\alex\Desktop\Rootkits-Playground\sources\NOFU\c3d26931-39a5-453d-8fa2-c6a76a7dfcd6
GetPrerequisiteProjects        :	Verbose  : No prerequisite projects found for project C:\Users\alex\Desktop\Rootkits-Playground\sources\NOFU\NOFU.vcxproj
AddPrerequisitesToSolution     :	Verbose  : Project C:\Users\alex\Desktop\Rootkits-Playground\sources\NOFU\NOFU.vcxproj had no prerequisites, adding to solution
GetDependencyInformation       :	Information  : The primary project collection does not contain any projects that depend on others.
CreateSolutionIncludingDependencies:	Verbose  : Attempting to generate solution file C:\Users\alex\Desktop\Rootkits-Playground\sources\NOFU\NOFU.sln from projects list
CreatePackage                      :	Verbose  : Checking if any of the following projects should be packaged
                                                	 C:\Users\alex\Desktop\Rootkits-Playground\sources\NOFU\NOFU.vcxproj
CreatePackage                      :	Verbose  : Project NOFU.vcxproj will be packaged because it is a driver project
CreatePackage                      :	Verbose  : Generating package project
CreatePackage                      :	Verbose  : Adding reference to project ..\NOFU.vcxproj with project guid {9206015A-8FAE-4592-81B6-1596EC8B5121}
CreatePackage                      :	Verbose  : Setting package project DebuggerFlavor to: DbgengKernelDebugger
CreatePackage                      :	Information  : Generated Package Project file 'C:\Users\alex\Desktop\Rootkits-Playground\sources\NOFU\NOFU-Package\NOFU-Package.vcxproj'
InitializeProjectsForSolution      :	Information  : Generating solution C:\Users\alex\Desktop\Rootkits-Playground\sources\NOFU\NOFU.sln from:
                                                    	    C:\Users\alex\Desktop\Rootkits-Playground\sources\NOFU\NOFU-Package\NOFU-Package.vcxproj
                                                    	    C:\Users\alex\Desktop\Rootkits-Playground\sources\NOFU\NOFU.vcxproj
ExtractProjectGuid                 :	Verbose  :  GUID {7E800ABC-A3D8-482B-8315-712BC7A26688} was extracted from project C:\Users\alex\Desktop\Rootkits-Playground\sources\NOFU\NOFU-Package\NOFU-Package.vcxproj
ExtractProjectGuid                 :	Verbose  :  GUID {9206015A-8FAE-4592-81B6-1596EC8B5121} was extracted from project C:\Users\alex\Desktop\Rootkits-Playground\sources\NOFU\NOFU.vcxproj
InitializeProjectsForSolution:	Verbose  : Project C:\Users\alex\Desktop\Rootkits-Playground\sources\NOFU\NOFU-Package\NOFU-Package.vcxproj does not depend on others
InitializeProjectsForSolution:	Verbose  : Project C:\Users\alex\Desktop\Rootkits-Playground\sources\NOFU\NOFU.vcxproj does not depend on others
WriteProjectEntries          :	Verbose  : Added project NOFU-Package to solution with a GUID of {7E800ABC-A3D8-482B-8315-712BC7A26688}
WriteProjectEntries          :	Verbose  : Added project NOFU to solution with a GUID of {9206015A-8FAE-4592-81B6-1596EC8B5121}
WriteProjectConfigurations   :	Verbose  : Writing project configurations for C:\Users\alex\Desktop\Rootkits-Playground\sources\NOFU\NOFU-Package\NOFU-Package.vcxproj
WriteProjectConfigurations   :	Verbose  : Writing project configurations for C:\Users\alex\Desktop\Rootkits-Playground\sources\NOFU\NOFU.vcxproj
CreateSolutionIncludingDependencies:	Information  : Solution C:\Users\alex\Desktop\Rootkits-Playground\sources\NOFU\NOFU.sln was created successfully
Convert                            :	Information  : ========== Project Conversion Finished: 1 Solution created with 2 Projects ==========
Convert                            :	Verbose  : 7/27/2015 10:18:32 PM
