Convert:	Verbose  : 7/5/2015 8:25:24 PM
ConvertFile:	Information  : Converting "C:\Users\alex\Desktop\Rootkits-Playground\sources\helloworld3\SOURCES"
Parse      :	Verbose  : File contents after preprocessing:
                        	TARGETNAME=helloworld3
                        	TARGETPATH=OBJ
                        	TARGETTYPE=DRIVER
                        	SOURCES=main.c
ParseIfApplies:	Verbose  : "TARGETNAME=helloworld3" was parsed as a"MacroDefinition"
ParseIfApplies:	Verbose  : "TARGETPATH=OBJ" was parsed as a"MacroDefinition"
ParseIfApplies:	Verbose  : "TARGETTYPE=DRIVER" was parsed as a"MacroDefinition"
ParseIfApplies:	Verbose  : "SOURCES=main.c" was parsed as a"MacroDefinition"
GenerateMsBuildFile:	Information  : Generated file "C:\Users\alex\Desktop\Rootkits-Playground\sources\helloworld3\SOURCES.props"
IsPropertyElementSetConditionally:	Verbose  : Property DriverType is set conditionally. Immediate condition ="'$(PlatformToolset)'=='WindowsApplicationForDrivers8.1'". Conditional parent element = Microsoft.Build.Construction.ProjectPropertyGroupElement
PostProcessing                   :	Verbose  : Extracted property "PlatformToolset" with a value of "WindowsKernelModeDriver8.1" from sources.
PostProcessing                   :	Verbose  : Extracted property "ConfigurationType" with a value of "Driver" from sources.
PostProcessing                   :	Verbose  : Extracted property "DriverType" with a value of "WDM" from sources.
PostProcessing                   :	Verbose  : Extracted property "TARGETNAME" with a value of "helloworld3" from sources.
PostProcessing                   :	Verbose  : VcxProj file copied to "helloworld3.vcxproj"
PostProcessing                   :	Verbose  : Added Project GUID: {DF93CE94-F491-4591-AAFA-2006C2957518}
PostProcessing                   :	Information  : Generated Project File helloworld3.vcxproj
AddIDESupport                    :	Verbose  : Attempting to add propery page support for converted targets and macros in project C:\Users\alex\Desktop\Rootkits-Playground\sources\helloworld3\helloworld3.vcxproj
CheckForWellKnownTargets         :	Verbose  : Attempting to find and convert nmake targets to well-known MSBuild items, as appropriate.
CheckForWellKnownTargetMacros:	Verbose  : Attempting to find and convert nmake target macros to well-known MSBuild items, as appropriate.
AddIDESupport                :	Verbose  : Finished adding propery page support for converted targets and macros, changes saved to C:\Users\alex\Desktop\Rootkits-Playground\sources\helloworld3\helloworld3.vcxproj
AddOverrideConditionsToProperies:	Verbose  : Appended override conditions to properties in file 'C:\Users\alex\Desktop\Rootkits-Playground\sources\helloworld3\SOURCES.props' and its imports
GetDependencyInformation        :	Information  : Checking for external project dependencies
GetDependencyInformation        :	Verbose  : Processing the following list of primary projects
                                             	C:\Users\alex\Desktop\Rootkits-Playground\sources\helloworld3\helloworld3.vcxproj
AddPrerequisitesToSolution      :	Verbose  : Finding prerequisites for C:\Users\alex\Desktop\Rootkits-Playground\sources\helloworld3\helloworld3.vcxproj
GetPrerequisiteProjects         :	Verbose  : Scanning for prerequisites for project C:\Users\alex\Desktop\Rootkits-Playground\sources\helloworld3\helloworld3.vcxproj
EvaluateProject                 :	Verbose  : $(O) set to bee8b056-4130-4300-96ff-69c1eeef2015
ExtractIncludesFromItem         :	Verbose  : Extracting include elements from all items of type ClCompile
ExtractIncludesFromItem         :	Verbose  : Extracting include elements from all items of type MessageCompile
ExtractIncludesFromItem         :	Verbose  : Didn't find any items of type MessageCompile in project C:\Users\alex\Desktop\Rootkits-Playground\sources\helloworld3\helloworld3.vcxproj
ExtractIncludesFromItem         :	Verbose  : Extracting include elements from all items of type Midl
ExtractIncludesFromItem   :	Verbose  : Didn't find any items of type Midl in project C:\Users\alex\Desktop\Rootkits-Playground\sources\helloworld3\helloworld3.vcxproj
ExtractIncludesFromItem   :	Verbose  : Extracting include elements from all items of type ResourceCompile
ExtractIncludesFromItem   :	Verbose  : Didn't find any items of type ResourceCompile in project C:\Users\alex\Desktop\Rootkits-Playground\sources\helloworld3\helloworld3.vcxproj
ExtractIncludesFromItemMetadata:	Verbose  : Extracting include elements from metadata AdditionalDependencies on item type Link, using splitter ;
ExtractIncludesFromItemMetadata:	Verbose  : Extracting include elements from metadata AdditionalIncludeDirectories on item type ClCompile, using splitter ;
FindPreReqProjectsInReferences :	Verbose  : Ignoring following path since it references the project's own $(O) C:\Users\alex\Desktop\Rootkits-Playground\sources\helloworld3\bee8b056-4130-4300-96ff-69c1eeef2015
GetPrerequisiteProjects        :	Verbose  : No prerequisite projects found for project C:\Users\alex\Desktop\Rootkits-Playground\sources\helloworld3\helloworld3.vcxproj
AddPrerequisitesToSolution     :	Verbose  : Project C:\Users\alex\Desktop\Rootkits-Playground\sources\helloworld3\helloworld3.vcxproj had no prerequisites, adding to solution
GetDependencyInformation       :	Information  : The primary project collection does not contain any projects that depend on others.
CreateSolutionIncludingDependencies:	Verbose  : Attempting to generate solution file C:\Users\alex\Desktop\Rootkits-Playground\sources\helloworld3\helloworld3.sln from projects list
CreatePackage                      :	Verbose  : Checking if any of the following projects should be packaged
                                                	 C:\Users\alex\Desktop\Rootkits-Playground\sources\helloworld3\helloworld3.vcxproj
CreatePackage                      :	Verbose  : Project helloworld3.vcxproj will be packaged because it is a driver project
CreatePackage                      :	Verbose  : Generating package project
CreatePackage                      :	Verbose  : Adding reference to project ..\helloworld3.vcxproj with project guid {DF93CE94-F491-4591-AAFA-2006C2957518}
CreatePackage                      :	Verbose  : Setting package project DebuggerFlavor to: DbgengKernelDebugger
CreatePackage                      :	Information  : Generated Package Project file 'C:\Users\alex\Desktop\Rootkits-Playground\sources\helloworld3\helloworld3-Package\helloworld3-Package.vcxproj'
InitializeProjectsForSolution      :	Information  : Generating solution C:\Users\alex\Desktop\Rootkits-Playground\sources\helloworld3\helloworld3.sln from:
                                                    	    C:\Users\alex\Desktop\Rootkits-Playground\sources\helloworld3\helloworld3-Package\helloworld3-Package.vcxproj
                                                    	    C:\Users\alex\Desktop\Rootkits-Playground\sources\helloworld3\helloworld3.vcxproj
ExtractProjectGuid                 :	Verbose  :  GUID {F6393230-A616-413E-A7EB-8043E2C8206A} was extracted from project C:\Users\alex\Desktop\Rootkits-Playground\sources\helloworld3\helloworld3-Package\helloworld3-Package.vcxproj
ExtractProjectGuid                 :	Verbose  :  GUID {DF93CE94-F491-4591-AAFA-2006C2957518} was extracted from project C:\Users\alex\Desktop\Rootkits-Playground\sources\helloworld3\helloworld3.vcxproj
InitializeProjectsForSolution:	Verbose  : Project C:\Users\alex\Desktop\Rootkits-Playground\sources\helloworld3\helloworld3-Package\helloworld3-Package.vcxproj does not depend on others
InitializeProjectsForSolution:	Verbose  : Project C:\Users\alex\Desktop\Rootkits-Playground\sources\helloworld3\helloworld3.vcxproj does not depend on others
WriteProjectEntries          :	Verbose  : Added project helloworld3-Package to solution with a GUID of {F6393230-A616-413E-A7EB-8043E2C8206A}
WriteProjectEntries          :	Verbose  : Added project helloworld3 to solution with a GUID of {DF93CE94-F491-4591-AAFA-2006C2957518}
WriteProjectConfigurations   :	Verbose  : Writing project configurations for C:\Users\alex\Desktop\Rootkits-Playground\sources\helloworld3\helloworld3-Package\helloworld3-Package.vcxproj
WriteProjectConfigurations   :	Verbose  : Writing project configurations for C:\Users\alex\Desktop\Rootkits-Playground\sources\helloworld3\helloworld3.vcxproj
CreateSolutionIncludingDependencies:	Information  : Solution C:\Users\alex\Desktop\Rootkits-Playground\sources\helloworld3\helloworld3.sln was created successfully
Convert                            :	Information  : ========== Project Conversion Finished: 1 Solution created with 2 Projects ==========
Convert                            :	Verbose  : 7/5/2015 8:25:25 PM
