Convert:	Verbose  : 7/4/2015 10:56:49 AM
ConvertFile:	Information  : Converting "C:\Users\alex\Desktop\Rootkits\helloworld\SOURCES"
Parse      :	Verbose  : File contents after preprocessing:
                        	TARGETNAME=MYDRIVER
                        	TARGETPATH=OBJ
                        	TARGETTYPE=DRIVER
                        	SOURCES=main.c
ParseIfApplies:	Verbose  : "TARGETNAME=MYDRIVER" was parsed as a"MacroDefinition"
ParseIfApplies:	Verbose  : "TARGETPATH=OBJ" was parsed as a"MacroDefinition"
ParseIfApplies:	Verbose  : "TARGETTYPE=DRIVER" was parsed as a"MacroDefinition"
ParseIfApplies:	Verbose  : "SOURCES=main.c" was parsed as a"MacroDefinition"
GenerateMsBuildFile:	Information  : Generated file "C:\Users\alex\Desktop\Rootkits\helloworld\SOURCES.props"
IsPropertyElementSetConditionally:	Verbose  : Property DriverType is set conditionally. Immediate condition ="'$(PlatformToolset)'=='WindowsApplicationForDrivers8.1'". Conditional parent element = Microsoft.Build.Construction.ProjectPropertyGroupElement
PostProcessing                   :	Verbose  : Extracted property "PlatformToolset" with a value of "WindowsKernelModeDriver8.1" from sources.
PostProcessing                   :	Verbose  : Extracted property "ConfigurationType" with a value of "Driver" from sources.
PostProcessing                   :	Verbose  : Extracted property "DriverType" with a value of "WDM" from sources.
PostProcessing                   :	Verbose  : Extracted property "TARGETNAME" with a value of "MYDRIVER" from sources.
PostProcessing                   :	Verbose  : VcxProj file copied to "MYDRIVER.vcxproj"
PostProcessing                   :	Verbose  : Added Project GUID: {5BC60E79-C9C7-4235-A7C3-9DF2275F1CD8}
PostProcessing                   :	Information  : Generated Project File MYDRIVER.vcxproj
AddIDESupport                    :	Verbose  : Attempting to add propery page support for converted targets and macros in project C:\Users\alex\Desktop\Rootkits\helloworld\MYDRIVER.vcxproj
CheckForWellKnownTargets         :	Verbose  : Attempting to find and convert nmake targets to well-known MSBuild items, as appropriate.
CheckForWellKnownTargetMacros:	Verbose  : Attempting to find and convert nmake target macros to well-known MSBuild items, as appropriate.
AddIDESupport                :	Verbose  : Finished adding propery page support for converted targets and macros, changes saved to C:\Users\alex\Desktop\Rootkits\helloworld\MYDRIVER.vcxproj
AddOverrideConditionsToProperies:	Verbose  : Appended override conditions to properties in file 'C:\Users\alex\Desktop\Rootkits\helloworld\SOURCES.props' and its imports
GetDependencyInformation        :	Information  : Checking for external project dependencies
GetDependencyInformation        :	Verbose  : Processing the following list of primary projects
                                             	C:\Users\alex\Desktop\Rootkits\helloworld\MYDRIVER.vcxproj
AddPrerequisitesToSolution      :	Verbose  : Finding prerequisites for C:\Users\alex\Desktop\Rootkits\helloworld\MYDRIVER.vcxproj
GetPrerequisiteProjects         :	Verbose  : Scanning for prerequisites for project C:\Users\alex\Desktop\Rootkits\helloworld\MYDRIVER.vcxproj
EvaluateProject                 :	Verbose  : $(O) set to 6142c4c4-10d0-4322-86fa-b105f634ed5f
ExtractIncludesFromItem         :	Verbose  : Extracting include elements from all items of type ClCompile
ExtractIncludesFromItem         :	Verbose  : Extracting include elements from all items of type MessageCompile
ExtractIncludesFromItem         :	Verbose  : Didn't find any items of type MessageCompile in project C:\Users\alex\Desktop\Rootkits\helloworld\MYDRIVER.vcxproj
ExtractIncludesFromItem         :	Verbose  : Extracting include elements from all items of type Midl
ExtractIncludesFromItem   :	Verbose  : Didn't find any items of type Midl in project C:\Users\alex\Desktop\Rootkits\helloworld\MYDRIVER.vcxproj
ExtractIncludesFromItem   :	Verbose  : Extracting include elements from all items of type ResourceCompile
ExtractIncludesFromItem   :	Verbose  : Didn't find any items of type ResourceCompile in project C:\Users\alex\Desktop\Rootkits\helloworld\MYDRIVER.vcxproj
ExtractIncludesFromItemMetadata:	Verbose  : Extracting include elements from metadata AdditionalDependencies on item type Link, using splitter ;
ExtractIncludesFromItemMetadata:	Verbose  : Extracting include elements from metadata AdditionalIncludeDirectories on item type ClCompile, using splitter ;
FindPreReqProjectsInReferences :	Verbose  : Ignoring following path since it references the project's own $(O) C:\Users\alex\Desktop\Rootkits\helloworld\6142c4c4-10d0-4322-86fa-b105f634ed5f
GetPrerequisiteProjects        :	Verbose  : No prerequisite projects found for project C:\Users\alex\Desktop\Rootkits\helloworld\MYDRIVER.vcxproj
AddPrerequisitesToSolution     :	Verbose  : Project C:\Users\alex\Desktop\Rootkits\helloworld\MYDRIVER.vcxproj had no prerequisites, adding to solution
GetDependencyInformation       :	Information  : The primary project collection does not contain any projects that depend on others.
CreateSolutionIncludingDependencies:	Verbose  : Attempting to generate solution file C:\Users\alex\Desktop\Rootkits\helloworld\MYDRIVER.sln from projects list
CreatePackage                      :	Verbose  : Checking if any of the following projects should be packaged
                                                	 C:\Users\alex\Desktop\Rootkits\helloworld\MYDRIVER.vcxproj
CreatePackage                      :	Verbose  : Project MYDRIVER.vcxproj will be packaged because it is a driver project
CreatePackage                      :	Verbose  : Generating package project
CreatePackage                      :	Verbose  : Adding reference to project ..\MYDRIVER.vcxproj with project guid {5BC60E79-C9C7-4235-A7C3-9DF2275F1CD8}
CreatePackage                      :	Verbose  : Setting package project DebuggerFlavor to: DbgengKernelDebugger
CreatePackage                      :	Information  : Generated Package Project file 'C:\Users\alex\Desktop\Rootkits\helloworld\MYDRIVER-Package\MYDRIVER-Package.vcxproj'
InitializeProjectsForSolution      :	Information  : Generating solution C:\Users\alex\Desktop\Rootkits\helloworld\MYDRIVER.sln from:
                                                    	    C:\Users\alex\Desktop\Rootkits\helloworld\MYDRIVER-Package\MYDRIVER-Package.vcxproj
                                                    	    C:\Users\alex\Desktop\Rootkits\helloworld\MYDRIVER.vcxproj
ExtractProjectGuid                 :	Verbose  :  GUID {95D020F6-FBCC-4E79-BE38-508C4AD953EF} was extracted from project C:\Users\alex\Desktop\Rootkits\helloworld\MYDRIVER-Package\MYDRIVER-Package.vcxproj
ExtractProjectGuid                 :	Verbose  :  GUID {5BC60E79-C9C7-4235-A7C3-9DF2275F1CD8} was extracted from project C:\Users\alex\Desktop\Rootkits\helloworld\MYDRIVER.vcxproj
InitializeProjectsForSolution:	Verbose  : Project C:\Users\alex\Desktop\Rootkits\helloworld\MYDRIVER-Package\MYDRIVER-Package.vcxproj does not depend on others
InitializeProjectsForSolution:	Verbose  : Project C:\Users\alex\Desktop\Rootkits\helloworld\MYDRIVER.vcxproj does not depend on others
WriteProjectEntries          :	Verbose  : Added project MYDRIVER-Package to solution with a GUID of {95D020F6-FBCC-4E79-BE38-508C4AD953EF}
WriteProjectEntries          :	Verbose  : Added project MYDRIVER to solution with a GUID of {5BC60E79-C9C7-4235-A7C3-9DF2275F1CD8}
WriteProjectConfigurations   :	Verbose  : Writing project configurations for C:\Users\alex\Desktop\Rootkits\helloworld\MYDRIVER-Package\MYDRIVER-Package.vcxproj
WriteProjectConfigurations   :	Verbose  : Writing project configurations for C:\Users\alex\Desktop\Rootkits\helloworld\MYDRIVER.vcxproj
CreateSolutionIncludingDependencies:	Information  : Solution C:\Users\alex\Desktop\Rootkits\helloworld\MYDRIVER.sln was created successfully
Convert                            :	Information  : ========== Project Conversion Finished: 1 Solution created with 2 Projects ==========
Convert                            :	Verbose  : 7/4/2015 10:56:50 AM
